
 ************ In dbrkup4 **************

 Name of output file?
 6Li-90Zr-alpha-30-a30-spec                      
  Target:
   40.0000000       90.0000000      0.666999996    

 Entrance and exit channel info --

  Entrance channel:
   3.00000000       6.00000000       1.00000000      0.540000021              99
           0   1.00000000       1.00000000       1.00000000    
 potential parameters
   1.12600   0.65000 278.70001   0.00000   0.00000   0.00000   0.00000
   0.00000   0.00000   0.00000   0.00000   0.00000   0.00000   0.00000 0.000
   1.12600   0.65000 217.40500   0.00000   0.00000   0.00000   0.00000
   1.27000   0.00000   0.00000
  Exit channel:
   2.00000000       4.00000000       0.00000000      0.850000024              65
           3   1.00000000       1.00000000       1.00000000    
 potential parameters
   1.24500   0.77891 155.10985   0.00000   0.00000   0.00000   0.00000
   0.00000   0.00000   0.00000   0.00000   0.00000   0.00000   0.00000 0.000
   1.57000   0.60237  21.17472   0.00000   0.00000   0.00000   0.00000
   1.30000   0.00000   0.00000
  Exit channel:
   1.00000000       2.00000000       1.00000000      0.850000024              65
           1   1.00000000       1.00000000       1.00000000    
 potential parameters
   1.17360   0.80920  87.75358  -0.14800  -0.00089   0.00000   0.00000
   1.32750   0.66656  16.14573  -0.07939   0.00000   0.00000   0.00000 0.000
   1.56290   0.90166  -1.02695   0.05545   0.00004   0.00000   0.00000
   1.69770   0.00000   0.00000
  ebnd=? D0=?
   1.47399998       1.00000000    
 dr=? Npt1=? lprt=?
  0.100000001           40000           1
 Nphi2=?
           0
 Ntheta2=?
           0
 Ntheta1=?
           0
 Nthetai=?
          -3
 Thetai(n)=?  n=1,...,Nthetai
   30.0000000       55.0000000       85.0000000    
 Max dEx, Min NeX:
   1.00000000               2
 Ed0l, dEdl, NEd:
   30.0000000       2.00000000               1

 ************* End of input *****************

 Entrance channel: Zt =  40.      At =  90.
                   Zp =   3.      Ap =   6.      Sp =  1.0

     Exit channel: Zd1=   2.      Ad1=   4.      Sd1=  0.0

     Exit channel: Zd2=   1.      Ad2=   2.      Sd2=  1.0


 Wavefunctions and overlaps calculated using:

 npt1=    160      dr =  0.100 fm      rmax1=    16.00 fm

 Partial wave cross sections for projectile - (mb)
    l    dsig-opt    dsig-fld
    0     3.85850     9.82243
    1    11.57522    29.53387
    2    19.29098    49.44900
    3    27.00470    69.71730
    4    34.71432    90.51094
    5    42.41566   112.03840
    6    50.09964   134.56336
    7    57.74559   158.42985
    8    65.30444   184.08918
    9    72.65558   212.10067
   10    79.49742   242.99362
   11    85.08764   276.62821
   12    87.75566   310.20988
   13    84.57687   334.47296
   14    73.02888   333.25259
   15    55.23522   298.02765
   16    37.60126   242.28640
   17    24.28905   186.27797
   18    15.45477   139.84281
   19     9.82586   104.10497
   20     6.25639    77.27549
   21     3.98477    57.29966
   22     2.53518    42.49500
   23     1.60975    31.55128
   24     1.01954    23.44349
   25     0.64377    17.39892
   26     0.40512    12.87819
   27     0.25414     9.51553
   28     0.15908     7.03577
   29     0.09941     5.20288
   30     0.06190     3.81875
   31     0.03818     2.74298
   32     0.02310     1.89739
   33     0.01357     1.24668
   34     0.00765     0.77070
   35     0.00411     0.44585
   36     0.00209     0.24078
   37     0.00100     0.12135
   38     0.00045     0.05712
   39     0.00019     0.02515
   40     0.00008     0.01038
   41     0.00003     0.00402
   42     0.00001     0.00147
   43     0.00000     0.00050

 Ed=     30.0000 MeV    sigr=    954.1367 mb   sig-fld=   3813.8313 mb


+-+-+-+-+-+-+-+-+-+-+-+-+-+-+-+-+-+-+-+-+-+-+-+-+-+-+-+-+-+-+-+-+-+-+-+-+-+-+-+-+-+-+-+-+-+-+-+-+-+-+-+-+-+-+-+-+


   At Ed =   30.000 MeV     E1 =   0.9509 MeV

   Wavefunctions and overlaps calculated using:
   npt1=    160      dr =  0.100 fm      rmax1=    16.00 fm
   npt2=   2734      dr =  0.100 fm      rmax2=   273.40 fm
   npt3=    120      dr =  0.100 fm      rmax3=    12.00 fm

   Ed=     30.0000 MeV    lmaxd= 47    sigrd=    954.1367 mb
   E1=      0.9509 MeV    lmax1=  9    sigr1=      0.0000 mb
   E2=     27.5751 MeV    lmax2= 39    sigr2=   1871.5266 mb



 Angular Distributions

  Inclusive breakup angular distributions - (mb/sr/MeV)
      theta       dsig-brkup1      dsig-bf1       dsig-tot1      dsig-brkup2      dsig-bf2       dsig-tot2
     30.0000       0.4197E-10     0.1002E-03     0.1002E-03       0.3273E-10     0.1975E-12     0.3293E-10
     55.0000       0.2590E-11     0.6047E-04     0.6047E-04       0.2258E-10     0.2132E-12     0.2279E-10
     85.0000       0.3640E-12     0.1952E-04     0.1952E-04       0.1512E-10     0.3301E-12     0.1545E-10

   E1=   0.95   E2=  27.58   dsig/dE=    0.0000    0.0004    0.0000 (mb/MeV)

+-+-+-+-+-+-+-+-+-+-+-+-+-+-+-+-+-+-+-+-+-+-+-+-+-+-+-+-+-+-+-+-+-+-+-+-+-+-+-+-+-+-+-+-+-+-+-+-+-+-+-+-+-+-+-+-+


   At Ed =   30.000 MeV     E1 =   1.9017 MeV

   Wavefunctions and overlaps calculated using:
   npt1=    160      dr =  0.100 fm      rmax1=    16.00 fm
   npt2=   1736      dr =  0.100 fm      rmax2=   173.60 fm
   npt3=    145      dr =  0.100 fm      rmax3=    14.50 fm

   Ed=     30.0000 MeV    lmaxd= 47    sigrd=    954.1367 mb
   E1=      1.9017 MeV    lmax1=  9    sigr1=      0.0000 mb
   E2=     26.6243 MeV    lmax2= 38    sigr2=   1860.8934 mb



 Angular Distributions

  Inclusive breakup angular distributions - (mb/sr/MeV)
      theta       dsig-brkup1      dsig-bf1       dsig-tot1      dsig-brkup2      dsig-bf2       dsig-tot2
     30.0000       0.3778E-11     0.1159E-03     0.1159E-03       0.7880E-11     0.5997E-12     0.8480E-11
     55.0000       0.2867E-12     0.7020E-04     0.7020E-04       0.4597E-11     0.1646E-12     0.4761E-11
     85.0000       0.9521E-13     0.2260E-04     0.2260E-04       0.6792E-11     0.3710E-13     0.6829E-11

   E1=   1.90   E2=  26.62   dsig/dE=    0.0000    0.0005    0.0000 (mb/MeV)

+-+-+-+-+-+-+-+-+-+-+-+-+-+-+-+-+-+-+-+-+-+-+-+-+-+-+-+-+-+-+-+-+-+-+-+-+-+-+-+-+-+-+-+-+-+-+-+-+-+-+-+-+-+-+-+-+


   At Ed =   30.000 MeV     E1 =   2.8526 MeV

   Wavefunctions and overlaps calculated using:
   npt1=    160      dr =  0.100 fm      rmax1=    16.00 fm
   npt2=   1350      dr =  0.100 fm      rmax2=   135.00 fm
   npt3=    170      dr =  0.100 fm      rmax3=    17.00 fm

   Ed=     30.0000 MeV    lmaxd= 47    sigrd=    954.1367 mb
   E1=      2.8526 MeV    lmax1=  9    sigr1=      0.0000 mb
   E2=     25.6734 MeV    lmax2= 38    sigr2=   1849.0223 mb



 Angular Distributions

  Inclusive breakup angular distributions - (mb/sr/MeV)
      theta       dsig-brkup1      dsig-bf1       dsig-tot1      dsig-brkup2      dsig-bf2       dsig-tot2
     30.0000       0.2687E-11     0.1349E-03     0.1349E-03       0.3962E-11     0.4197E-13     0.4004E-11
     55.0000       0.2033E-12     0.8197E-04     0.8197E-04       0.3262E-11     0.7850E-13     0.3340E-11
     85.0000       0.1848E-12     0.2634E-04     0.2634E-04       0.8978E-11     0.2103E-12     0.9188E-11

   E1=   2.85   E2=  25.67   dsig/dE=    0.0000    0.0005    0.0000 (mb/MeV)

+-+-+-+-+-+-+-+-+-+-+-+-+-+-+-+-+-+-+-+-+-+-+-+-+-+-+-+-+-+-+-+-+-+-+-+-+-+-+-+-+-+-+-+-+-+-+-+-+-+-+-+-+-+-+-+-+


   At Ed =   30.000 MeV     E1 =   3.8035 MeV

   Wavefunctions and overlaps calculated using:
   npt1=    160      dr =  0.100 fm      rmax1=    16.00 fm
   npt2=   1136      dr =  0.100 fm      rmax2=   113.60 fm
   npt3=    197      dr =  0.100 fm      rmax3=    19.70 fm

   Ed=     30.0000 MeV    lmaxd= 47    sigrd=    954.1367 mb
   E1=      3.8035 MeV    lmax1=  9    sigr1=      0.0000 mb
   E2=     24.7225 MeV    lmax2= 37    sigr2=   1835.6812 mb



 Angular Distributions

  Inclusive breakup angular distributions - (mb/sr/MeV)
      theta       dsig-brkup1      dsig-bf1       dsig-tot1      dsig-brkup2      dsig-bf2       dsig-tot2
     30.0000       0.5155E-11     0.1586E-03     0.1586E-03       0.2275E-11     0.2404E-13     0.2299E-11
     55.0000       0.3159E-12     0.9664E-04     0.9664E-04       0.2788E-11     0.5693E-14     0.2794E-11
     85.0000       0.5330E-12     0.3099E-04     0.3099E-04       0.8540E-11     0.2186E-12     0.8759E-11

   E1=   3.80   E2=  24.72   dsig/dE=    0.0000    0.0006    0.0000 (mb/MeV)

+-+-+-+-+-+-+-+-+-+-+-+-+-+-+-+-+-+-+-+-+-+-+-+-+-+-+-+-+-+-+-+-+-+-+-+-+-+-+-+-+-+-+-+-+-+-+-+-+-+-+-+-+-+-+-+-+


   At Ed =   30.000 MeV     E1 =   4.7543 MeV

   Wavefunctions and overlaps calculated using:
   npt1=    160      dr =  0.100 fm      rmax1=    16.00 fm
   npt2=    996      dr =  0.100 fm      rmax2=    99.60 fm
   npt3=    228      dr =  0.100 fm      rmax3=    22.80 fm

   Ed=     30.0000 MeV    lmaxd= 47    sigrd=    954.1367 mb
   E1=      4.7543 MeV    lmax1= 13    sigr1=      0.0000 mb
   E2=     23.7717 MeV    lmax2= 36    sigr2=   1820.6736 mb



 Angular Distributions

  Inclusive breakup angular distributions - (mb/sr/MeV)
      theta       dsig-brkup1      dsig-bf1       dsig-tot1      dsig-brkup2      dsig-bf2       dsig-tot2
     30.0000       0.6379E-11     0.1989E-03     0.1989E-03       0.3648E-11     0.4525E-13     0.3693E-11
     55.0000       0.4589E-12     0.1441E-03     0.1441E-03       0.4419E-11     0.6516E-12     0.5070E-11
     85.0000       0.3971E-12     0.5338E-04     0.5338E-04       0.3895E-11     0.2500E-11     0.6395E-11

   E1=   4.75   E2=  23.77   dsig/dE=    0.0000    0.0009    0.0000 (mb/MeV)

+-+-+-+-+-+-+-+-+-+-+-+-+-+-+-+-+-+-+-+-+-+-+-+-+-+-+-+-+-+-+-+-+-+-+-+-+-+-+-+-+-+-+-+-+-+-+-+-+-+-+-+-+-+-+-+-+


   At Ed =   30.000 MeV     E1 =   5.7052 MeV

   Wavefunctions and overlaps calculated using:
   npt1=    160      dr =  0.100 fm      rmax1=    16.00 fm
   npt2=    896      dr =  0.100 fm      rmax2=    89.60 fm
   npt3=    262      dr =  0.100 fm      rmax3=    26.20 fm

   Ed=     30.0000 MeV    lmaxd= 47    sigrd=    954.1367 mb
   E1=      5.7052 MeV    lmax1= 18    sigr1=      0.0002 mb
   E2=     22.8208 MeV    lmax2= 36    sigr2=   1803.8750 mb



 Angular Distributions

  Inclusive breakup angular distributions - (mb/sr/MeV)
      theta       dsig-brkup1      dsig-bf1       dsig-tot1      dsig-brkup2      dsig-bf2       dsig-tot2
     30.0000       0.1446E-10     0.2403E-03     0.2403E-03       0.1380E-11     0.2184E-11     0.3564E-11
     55.0000       0.2100E-11     0.1800E-03     0.1800E-03       0.2546E-11     0.5656E-10     0.5911E-10
     85.0000       0.2937E-12     0.7748E-04     0.7748E-04       0.6232E-11     0.2772E-09     0.2834E-09

   E1=   5.71   E2=  22.82   dsig/dE=    0.0000    0.0012    0.0000 (mb/MeV)

+-+-+-+-+-+-+-+-+-+-+-+-+-+-+-+-+-+-+-+-+-+-+-+-+-+-+-+-+-+-+-+-+-+-+-+-+-+-+-+-+-+-+-+-+-+-+-+-+-+-+-+-+-+-+-+-+


   At Ed =   30.000 MeV     E1 =   6.6561 MeV

   Wavefunctions and overlaps calculated using:
   npt1=    160      dr =  0.100 fm      rmax1=    16.00 fm
   npt2=    820      dr =  0.100 fm      rmax2=    82.00 fm
   npt3=    302      dr =  0.100 fm      rmax3=    30.20 fm

   Ed=     30.0000 MeV    lmaxd= 47    sigrd=    954.1367 mb
   E1=      6.6561 MeV    lmax1= 21    sigr1=      0.0091 mb
   E2=     21.8699 MeV    lmax2= 35    sigr2=   1785.1829 mb



 Angular Distributions

  Inclusive breakup angular distributions - (mb/sr/MeV)
      theta       dsig-brkup1      dsig-bf1       dsig-tot1      dsig-brkup2      dsig-bf2       dsig-tot2
     30.0000       0.7172E-09     0.2901E-03     0.2901E-03       0.1099E-10     0.9617E-10     0.1072E-09
     55.0000       0.1266E-09     0.2157E-03     0.2157E-03       0.7562E-10     0.2033E-08     0.2109E-08
     85.0000       0.8079E-11     0.9420E-04     0.9420E-04       0.3162E-09     0.9006E-08     0.9322E-08

   E1=   6.66   E2=  21.87   dsig/dE=    0.0000    0.0015    0.0000 (mb/MeV)

+-+-+-+-+-+-+-+-+-+-+-+-+-+-+-+-+-+-+-+-+-+-+-+-+-+-+-+-+-+-+-+-+-+-+-+-+-+-+-+-+-+-+-+-+-+-+-+-+-+-+-+-+-+-+-+-+


   At Ed =   30.000 MeV     E1 =   7.6069 MeV

   Wavefunctions and overlaps calculated using:
   npt1=    160      dr =  0.100 fm      rmax1=    16.00 fm
   npt2=    760      dr =  0.100 fm      rmax2=    76.00 fm
   npt3=    347      dr =  0.100 fm      rmax3=    34.70 fm

   Ed=     30.0000 MeV    lmaxd= 47    sigrd=    954.1367 mb
   E1=      7.6069 MeV    lmax1= 24    sigr1=      0.1563 mb
   E2=     20.9191 MeV    lmax2= 35    sigr2=   1764.3997 mb



 Angular Distributions

  Inclusive breakup angular distributions - (mb/sr/MeV)
      theta       dsig-brkup1      dsig-bf1       dsig-tot1      dsig-brkup2      dsig-bf2       dsig-tot2
     30.0000       0.1849E-07     0.3504E-03     0.3505E-03       0.3422E-09     0.1885E-08     0.2227E-08
     55.0000       0.3550E-08     0.2583E-03     0.2583E-03       0.2442E-08     0.3269E-07     0.3513E-07
     85.0000       0.2369E-09     0.1110E-03     0.1110E-03       0.8235E-08     0.1304E-06     0.1386E-06

   E1=   7.61   E2=  20.92   dsig/dE=    0.0000    0.0018    0.0000 (mb/MeV)

+-+-+-+-+-+-+-+-+-+-+-+-+-+-+-+-+-+-+-+-+-+-+-+-+-+-+-+-+-+-+-+-+-+-+-+-+-+-+-+-+-+-+-+-+-+-+-+-+-+-+-+-+-+-+-+-+


   At Ed =   30.000 MeV     E1 =   8.5578 MeV

   Wavefunctions and overlaps calculated using:
   npt1=    160      dr =  0.100 fm      rmax1=    16.00 fm
   npt2=    710      dr =  0.100 fm      rmax2=    71.00 fm
   npt3=    400      dr =  0.100 fm      rmax3=    40.00 fm

   Ed=     30.0000 MeV    lmaxd= 47    sigrd=    954.1367 mb
   E1=      8.5578 MeV    lmax1= 26    sigr1=      1.5943 mb
   E2=     19.9682 MeV    lmax2= 34    sigr2=   1741.1134 mb



 Angular Distributions

  Inclusive breakup angular distributions - (mb/sr/MeV)
      theta       dsig-brkup1      dsig-bf1       dsig-tot1      dsig-brkup2      dsig-bf2       dsig-tot2
     30.0000       0.2445E-06     0.4239E-03     0.4241E-03       0.6539E-08     0.2181E-07     0.2834E-07
     55.0000       0.5136E-07     0.3100E-03     0.3101E-03       0.4179E-07     0.3233E-06     0.3651E-06
     85.0000       0.3829E-08     0.1298E-03     0.1299E-03       0.1072E-06     0.1099E-05     0.1206E-05

   E1=   8.56   E2=  19.97   dsig/dE=    0.0000    0.0021    0.0000 (mb/MeV)

+-+-+-+-+-+-+-+-+-+-+-+-+-+-+-+-+-+-+-+-+-+-+-+-+-+-+-+-+-+-+-+-+-+-+-+-+-+-+-+-+-+-+-+-+-+-+-+-+-+-+-+-+-+-+-+-+


   At Ed =   30.000 MeV     E1 =   9.5087 MeV

   Wavefunctions and overlaps calculated using:
   npt1=    160      dr =  0.100 fm      rmax1=    16.00 fm
   npt2=    670      dr =  0.100 fm      rmax2=    67.00 fm
   npt3=    462      dr =  0.100 fm      rmax3=    46.20 fm

   Ed=     30.0000 MeV    lmaxd= 47    sigrd=    954.1367 mb
   E1=      9.5087 MeV    lmax1= 27    sigr1=     10.9608 mb
   E2=     19.0173 MeV    lmax2= 34    sigr2=   1714.7009 mb



 Angular Distributions

  Inclusive breakup angular distributions - (mb/sr/MeV)
      theta       dsig-brkup1      dsig-bf1       dsig-tot1      dsig-brkup2      dsig-bf2       dsig-tot2
     30.0000       0.1977E-05     0.5158E-03     0.5178E-03       0.8071E-07     0.1746E-06     0.2553E-06
     55.0000       0.4602E-06     0.3749E-03     0.3753E-03       0.4443E-06     0.2356E-05     0.2800E-05
     85.0000       0.3946E-07     0.1527E-03     0.1527E-03       0.8411E-06     0.6255E-05     0.7097E-05

   E1=   9.51   E2=  19.02   dsig/dE=    0.0000    0.0025    0.0000 (mb/MeV)

+-+-+-+-+-+-+-+-+-+-+-+-+-+-+-+-+-+-+-+-+-+-+-+-+-+-+-+-+-+-+-+-+-+-+-+-+-+-+-+-+-+-+-+-+-+-+-+-+-+-+-+-+-+-+-+-+


   At Ed =   30.000 MeV     E1 =  10.4595 MeV

   Wavefunctions and overlaps calculated using:
   npt1=    160      dr =  0.100 fm      rmax1=    16.00 fm
   npt2=    634      dr =  0.100 fm      rmax2=    63.40 fm
   npt3=    535      dr =  0.100 fm      rmax3=    53.50 fm

   Ed=     30.0000 MeV    lmaxd= 47    sigrd=    954.1367 mb
   E1=     10.4595 MeV    lmax1= 29    sigr1=     51.9011 mb
   E2=     18.0665 MeV    lmax2= 33    sigr2=   1684.4928 mb



 Angular Distributions

  Inclusive breakup angular distributions - (mb/sr/MeV)
      theta       dsig-brkup1      dsig-bf1       dsig-tot1      dsig-brkup2      dsig-bf2       dsig-tot2
     30.0000       0.1077E-04     0.6320E-03     0.6427E-03       0.6624E-06     0.1024E-05     0.1686E-05
     55.0000       0.2802E-05     0.4585E-03     0.4613E-03       0.3222E-05     0.1367E-04     0.1689E-04
     85.0000       0.2752E-06     0.1813E-03     0.1815E-03       0.4260E-05     0.2523E-04     0.2949E-04

   E1=  10.46   E2=  18.07   dsig/dE=    0.0000    0.0030    0.0002 (mb/MeV)

+-+-+-+-+-+-+-+-+-+-+-+-+-+-+-+-+-+-+-+-+-+-+-+-+-+-+-+-+-+-+-+-+-+-+-+-+-+-+-+-+-+-+-+-+-+-+-+-+-+-+-+-+-+-+-+-+


   At Ed =   30.000 MeV     E1 =  11.4104 MeV

   Wavefunctions and overlaps calculated using:
   npt1=    160      dr =  0.100 fm      rmax1=    16.00 fm
   npt2=    638      dr =  0.100 fm      rmax2=    63.80 fm
   npt3=    620      dr =  0.100 fm      rmax3=    62.00 fm

   Ed=     30.0000 MeV    lmaxd= 47    sigrd=    954.1367 mb
   E1=     11.4104 MeV    lmax1= 30    sigr1=    157.2415 mb
   E2=     17.1156 MeV    lmax2= 32    sigr2=   1651.7725 mb



 Angular Distributions

  Inclusive breakup angular distributions - (mb/sr/MeV)
      theta       dsig-brkup1      dsig-bf1       dsig-tot1      dsig-brkup2      dsig-bf2       dsig-tot2
     30.0000       0.4157E-04     0.7672E-03     0.8088E-03       0.4224E-05     0.4445E-05     0.8669E-05
     55.0000       0.1195E-04     0.5627E-03     0.5747E-03       0.1698E-04     0.6134E-04     0.7831E-04
     85.0000       0.1307E-05     0.2149E-03     0.2162E-03       0.1429E-04     0.6939E-04     0.8368E-04

   E1=  11.41   E2=  17.12   dsig/dE=    0.0001    0.0036    0.0006 (mb/MeV)

+-+-+-+-+-+-+-+-+-+-+-+-+-+-+-+-+-+-+-+-+-+-+-+-+-+-+-+-+-+-+-+-+-+-+-+-+-+-+-+-+-+-+-+-+-+-+-+-+-+-+-+-+-+-+-+-+


   At Ed =   30.000 MeV     E1 =  12.3613 MeV

   Wavefunctions and overlaps calculated using:
   npt1=    160      dr =  0.100 fm      rmax1=    16.00 fm
   npt2=    658      dr =  0.100 fm      rmax2=    65.80 fm
   npt3=    719      dr =  0.100 fm      rmax3=    71.90 fm

   Ed=     30.0000 MeV    lmaxd= 47    sigrd=    954.1367 mb
   E1=     12.3613 MeV    lmax1= 32    sigr1=    310.2759 mb
   E2=     16.1647 MeV    lmax2= 32    sigr2=   1614.4530 mb



 Angular Distributions

  Inclusive breakup angular distributions - (mb/sr/MeV)
      theta       dsig-brkup1      dsig-bf1       dsig-tot1      dsig-brkup2      dsig-bf2       dsig-tot2
     30.0000       0.1158E-03     0.9050E-03     0.1021E-02       0.1877E-04     0.1655E-04     0.3532E-04
     55.0000       0.3719E-04     0.6797E-03     0.7169E-03       0.6199E-04     0.1922E-03     0.2541E-03
     85.0000       0.4297E-05     0.2520E-03     0.2563E-03       0.3194E-04     0.1297E-03     0.1616E-03

   E1=  12.36   E2=  16.16   dsig/dE=    0.0003    0.0043    0.0012 (mb/MeV)

+-+-+-+-+-+-+-+-+-+-+-+-+-+-+-+-+-+-+-+-+-+-+-+-+-+-+-+-+-+-+-+-+-+-+-+-+-+-+-+-+-+-+-+-+-+-+-+-+-+-+-+-+-+-+-+-+


   At Ed =   30.000 MeV     E1 =  13.3121 MeV

   Wavefunctions and overlaps calculated using:
   npt1=    160      dr =  0.100 fm      rmax1=    16.00 fm
   npt2=    678      dr =  0.100 fm      rmax2=    67.80 fm
   npt3=    833      dr =  0.100 fm      rmax3=    83.30 fm

   Ed=     30.0000 MeV    lmaxd= 47    sigrd=    954.1367 mb
   E1=     13.3121 MeV    lmax1= 33    sigr1=    467.4481 mb
   E2=     15.2139 MeV    lmax2= 31    sigr2=   1570.8455 mb



 Angular Distributions

  Inclusive breakup angular distributions - (mb/sr/MeV)
      theta       dsig-brkup1      dsig-bf1       dsig-tot1      dsig-brkup2      dsig-bf2       dsig-tot2
     30.0000       0.2476E-03     0.1032E-02     0.1280E-02       0.5902E-04     0.6008E-04     0.1191E-03
     55.0000       0.9310E-04     0.7970E-03     0.8901E-03       0.1614E-03     0.4350E-03     0.5964E-03
     85.0000       0.1098E-04     0.2933E-03     0.3043E-03       0.5335E-04     0.1877E-03     0.2410E-03

   E1=  13.31   E2=  15.21   dsig/dE=    0.0007    0.0050    0.0021 (mb/MeV)

+-+-+-+-+-+-+-+-+-+-+-+-+-+-+-+-+-+-+-+-+-+-+-+-+-+-+-+-+-+-+-+-+-+-+-+-+-+-+-+-+-+-+-+-+-+-+-+-+-+-+-+-+-+-+-+-+


   At Ed =   30.000 MeV     E1 =  14.2630 MeV

   Wavefunctions and overlaps calculated using:
   npt1=    160      dr =  0.100 fm      rmax1=    16.00 fm
   npt2=    702      dr =  0.100 fm      rmax2=    70.20 fm
   npt3=    960      dr =  0.100 fm      rmax3=    96.00 fm

   Ed=     30.0000 MeV    lmaxd= 47    sigrd=    954.1367 mb
   E1=     14.2630 MeV    lmax1= 34    sigr1=    610.0732 mb
   E2=     14.2630 MeV    lmax2= 30    sigr2=   1519.3660 mb



 Angular Distributions

  Inclusive breakup angular distributions - (mb/sr/MeV)
      theta       dsig-brkup1      dsig-bf1       dsig-tot1      dsig-brkup2      dsig-bf2       dsig-tot2
     30.0000       0.4366E-03     0.1151E-02     0.1588E-02       0.1511E-03     0.1970E-03     0.3481E-03
     55.0000       0.2009E-03     0.9087E-03     0.1110E-02       0.3292E-03     0.7855E-03     0.1115E-02
     85.0000       0.2363E-04     0.3406E-03     0.3642E-03       0.7494E-04     0.2356E-03     0.3106E-03

   E1=  14.26   E2=  14.26   dsig/dE=    0.0013    0.0057    0.0034 (mb/MeV)

+-+-+-+-+-+-+-+-+-+-+-+-+-+-+-+-+-+-+-+-+-+-+-+-+-+-+-+-+-+-+-+-+-+-+-+-+-+-+-+-+-+-+-+-+-+-+-+-+-+-+-+-+-+-+-+-+


   At Ed =   30.000 MeV     E1 =  15.2139 MeV

   Wavefunctions and overlaps calculated using:
   npt1=    160      dr =  0.100 fm      rmax1=    16.00 fm
   npt2=    728      dr =  0.100 fm      rmax2=    72.80 fm
   npt3=   1094      dr =  0.100 fm      rmax3=   109.40 fm

   Ed=     30.0000 MeV    lmaxd= 47    sigrd=    954.1367 mb
   E1=     15.2139 MeV    lmax1= 35    sigr1=    734.7909 mb
   E2=     13.3121 MeV    lmax2= 30    sigr2=   1458.4846 mb



 Angular Distributions

  Inclusive breakup angular distributions - (mb/sr/MeV)
      theta       dsig-brkup1      dsig-bf1       dsig-tot1      dsig-brkup2      dsig-bf2       dsig-tot2
     30.0000       0.6682E-03     0.1278E-02     0.1946E-02       0.3361E-03     0.5442E-03     0.8803E-03
     55.0000       0.3799E-03     0.1017E-02     0.1397E-02       0.5647E-03     0.1209E-02     0.1773E-02
     85.0000       0.4420E-04     0.3937E-03     0.4379E-03       0.9392E-04     0.2721E-03     0.3660E-03

   E1=  15.21   E2=  13.31   dsig/dE=    0.0023    0.0064    0.0051 (mb/MeV)

+-+-+-+-+-+-+-+-+-+-+-+-+-+-+-+-+-+-+-+-+-+-+-+-+-+-+-+-+-+-+-+-+-+-+-+-+-+-+-+-+-+-+-+-+-+-+-+-+-+-+-+-+-+-+-+-+


   At Ed =   30.000 MeV     E1 =  16.1647 MeV

   Wavefunctions and overlaps calculated using:
   npt1=    160      dr =  0.100 fm      rmax1=    16.00 fm
   npt2=    756      dr =  0.100 fm      rmax2=    75.60 fm
   npt3=   1224      dr =  0.100 fm      rmax3=   122.40 fm

   Ed=     30.0000 MeV    lmaxd= 47    sigrd=    954.1367 mb
   E1=     16.1647 MeV    lmax1= 36    sigr1=    844.1536 mb
   E2=     12.3613 MeV    lmax2= 29    sigr2=   1386.5754 mb



 Angular Distributions

  Inclusive breakup angular distributions - (mb/sr/MeV)
      theta       dsig-brkup1      dsig-bf1       dsig-tot1      dsig-brkup2      dsig-bf2       dsig-tot2
     30.0000       0.9227E-03     0.1420E-02     0.2343E-02       0.6379E-03     0.1241E-02     0.1879E-02
     55.0000       0.6330E-03     0.1124E-02     0.1757E-02       0.8450E-03     0.1640E-02     0.2485E-02
     85.0000       0.7328E-04     0.4505E-03     0.5238E-03       0.1089E-03     0.2956E-03     0.4044E-03

   E1=  16.16   E2=  12.36   dsig/dE=    0.0036    0.0072    0.0073 (mb/MeV)

+-+-+-+-+-+-+-+-+-+-+-+-+-+-+-+-+-+-+-+-+-+-+-+-+-+-+-+-+-+-+-+-+-+-+-+-+-+-+-+-+-+-+-+-+-+-+-+-+-+-+-+-+-+-+-+-+


   At Ed =   30.000 MeV     E1 =  17.1156 MeV

   Wavefunctions and overlaps calculated using:
   npt1=    160      dr =  0.100 fm      rmax1=    16.00 fm
   npt2=    788      dr =  0.100 fm      rmax2=    78.80 fm
   npt3=   1333      dr =  0.100 fm      rmax3=   133.30 fm

   Ed=     30.0000 MeV    lmaxd= 47    sigrd=    954.1367 mb
   E1=     17.1156 MeV    lmax1= 37    sigr1=    939.5367 mb
   E2=     11.4104 MeV    lmax2= 28    sigr2=   1300.6887 mb



 Angular Distributions

  Inclusive breakup angular distributions - (mb/sr/MeV)
      theta       dsig-brkup1      dsig-bf1       dsig-tot1      dsig-brkup2      dsig-bf2       dsig-tot2
     30.0000       0.1174E-02     0.1549E-02     0.2723E-02       0.1003E-02     0.2315E-02     0.3319E-02
     55.0000       0.9250E-03     0.1228E-02     0.2153E-02       0.1114E-02     0.1995E-02     0.3109E-02
     85.0000       0.1087E-03     0.5076E-03     0.6163E-03       0.1165E-03     0.3055E-03     0.4219E-03

   E1=  17.12   E2=  11.41   dsig/dE=    0.0050    0.0079    0.0095 (mb/MeV)

+-+-+-+-+-+-+-+-+-+-+-+-+-+-+-+-+-+-+-+-+-+-+-+-+-+-+-+-+-+-+-+-+-+-+-+-+-+-+-+-+-+-+-+-+-+-+-+-+-+-+-+-+-+-+-+-+


   At Ed =   30.000 MeV     E1 =  18.0665 MeV

   Wavefunctions and overlaps calculated using:
   npt1=    160      dr =  0.100 fm      rmax1=    16.00 fm
   npt2=    824      dr =  0.100 fm      rmax2=    82.40 fm
   npt3=   1398      dr =  0.100 fm      rmax3=   139.80 fm

   Ed=     30.0000 MeV    lmaxd= 47    sigrd=    954.1367 mb
   E1=     18.0665 MeV    lmax1= 38    sigr1=   1023.7895 mb
   E2=     10.4595 MeV    lmax2= 27    sigr2=   1196.1445 mb



 Angular Distributions

  Inclusive breakup angular distributions - (mb/sr/MeV)
      theta       dsig-brkup1      dsig-bf1       dsig-tot1      dsig-brkup2      dsig-bf2       dsig-tot2
     30.0000       0.1388E-02     0.1584E-02     0.2972E-02       0.1293E-02     0.3542E-02     0.4835E-02
     55.0000       0.1183E-02     0.1306E-02     0.2489E-02       0.1295E-02     0.2209E-02     0.3505E-02
     85.0000       0.1455E-03     0.5578E-03     0.7032E-03       0.1169E-03     0.3072E-03     0.4241E-03

   E1=  18.07   E2=  10.46   dsig/dE=    0.0062    0.0084    0.0115 (mb/MeV)

+-+-+-+-+-+-+-+-+-+-+-+-+-+-+-+-+-+-+-+-+-+-+-+-+-+-+-+-+-+-+-+-+-+-+-+-+-+-+-+-+-+-+-+-+-+-+-+-+-+-+-+-+-+-+-+-+


   At Ed =   30.000 MeV     E1 =  19.0173 MeV

   Wavefunctions and overlaps calculated using:
   npt1=    160      dr =  0.100 fm      rmax1=    16.00 fm
   npt2=    866      dr =  0.100 fm      rmax2=    86.60 fm
   npt3=   1411      dr =  0.100 fm      rmax3=   141.10 fm

   Ed=     30.0000 MeV    lmaxd= 47    sigrd=    954.1367 mb
   E1=     19.0173 MeV    lmax1= 39    sigr1=   1098.5253 mb
   E2=      9.5087 MeV    lmax2= 26    sigr2=   1068.1371 mb



 Angular Distributions

  Inclusive breakup angular distributions - (mb/sr/MeV)
      theta       dsig-brkup1      dsig-bf1       dsig-tot1      dsig-brkup2      dsig-bf2       dsig-tot2
     30.0000       0.1469E-02     0.1412E-02     0.2880E-02       0.1355E-02     0.4499E-02     0.5854E-02
     55.0000       0.1302E-02     0.1302E-02     0.2604E-02       0.1310E-02     0.2260E-02     0.3570E-02
     85.0000       0.1753E-03     0.5854E-03     0.7607E-03       0.1067E-03     0.2990E-03     0.4057E-03

   E1=  19.02   E2=   9.51   dsig/dE=    0.0065    0.0083    0.0127 (mb/MeV)

+-+-+-+-+-+-+-+-+-+-+-+-+-+-+-+-+-+-+-+-+-+-+-+-+-+-+-+-+-+-+-+-+-+-+-+-+-+-+-+-+-+-+-+-+-+-+-+-+-+-+-+-+-+-+-+-+


   At Ed =   30.000 MeV     E1 =  19.9682 MeV

   Wavefunctions and overlaps calculated using:
   npt1=    160      dr =  0.100 fm      rmax1=    16.00 fm
   npt2=    916      dr =  0.100 fm      rmax2=    91.60 fm
   npt3=   1406      dr =  0.100 fm      rmax3=   140.60 fm

   Ed=     30.0000 MeV    lmaxd= 47    sigrd=    954.1367 mb
   E1=     19.9682 MeV    lmax1= 40    sigr1=   1164.2915 mb
   E2=      8.5578 MeV    lmax2= 25    sigr2=    910.8405 mb



 Angular Distributions

  Inclusive breakup angular distributions - (mb/sr/MeV)
      theta       dsig-brkup1      dsig-bf1       dsig-tot1      dsig-brkup2      dsig-bf2       dsig-tot2
     30.0000       0.1301E-02     0.1023E-02     0.2324E-02       0.1159E-02     0.4897E-02     0.6056E-02
     55.0000       0.1206E-02     0.1165E-02     0.2370E-02       0.1132E-02     0.2188E-02     0.3320E-02
     85.0000       0.1894E-03     0.5733E-03     0.7627E-03       0.8469E-04     0.2843E-03     0.3690E-03

   E1=  19.97   E2=   8.56   dsig/dE=    0.0058    0.0074    0.0130 (mb/MeV)

+-+-+-+-+-+-+-+-+-+-+-+-+-+-+-+-+-+-+-+-+-+-+-+-+-+-+-+-+-+-+-+-+-+-+-+-+-+-+-+-+-+-+-+-+-+-+-+-+-+-+-+-+-+-+-+-+


   At Ed =   30.000 MeV     E1 =  20.9191 MeV

   Wavefunctions and overlaps calculated using:
   npt1=    160      dr =  0.100 fm      rmax1=    16.00 fm
   npt2=    974      dr =  0.100 fm      rmax2=    97.40 fm
   npt3=   1332      dr =  0.100 fm      rmax3=   133.20 fm

   Ed=     30.0000 MeV    lmaxd= 47    sigrd=    954.1367 mb
   E1=     20.9191 MeV    lmax1= 41    sigr1=   1223.6068 mb
   E2=      7.6069 MeV    lmax2= 24    sigr2=    716.8762 mb



 Angular Distributions

  Inclusive breakup angular distributions - (mb/sr/MeV)
      theta       dsig-brkup1      dsig-bf1       dsig-tot1      dsig-brkup2      dsig-bf2       dsig-tot2
     30.0000       0.8821E-03     0.5579E-03     0.1440E-02       0.8231E-03     0.4766E-02     0.5589E-02
     55.0000       0.9101E-03     0.8773E-03     0.1787E-02       0.8050E-03     0.2035E-02     0.2840E-02
     85.0000       0.1797E-03     0.5021E-03     0.6819E-03       0.5744E-04     0.2660E-03     0.3234E-03

   E1=  20.92   E2=   7.61   dsig/dE=    0.0043    0.0058    0.0125 (mb/MeV)

+-+-+-+-+-+-+-+-+-+-+-+-+-+-+-+-+-+-+-+-+-+-+-+-+-+-+-+-+-+-+-+-+-+-+-+-+-+-+-+-+-+-+-+-+-+-+-+-+-+-+-+-+-+-+-+-+


   At Ed =   30.000 MeV     E1 =  21.8699 MeV

   Wavefunctions and overlaps calculated using:
   npt1=    160      dr =  0.100 fm      rmax1=    16.00 fm
   npt2=   1044      dr =  0.100 fm      rmax2=   104.40 fm
   npt3=   1201      dr =  0.100 fm      rmax3=   120.10 fm

   Ed=     30.0000 MeV    lmaxd= 47    sigrd=    954.1367 mb
   E1=     21.8699 MeV    lmax1= 42    sigr1=   1276.9076 mb
   E2=      6.6561 MeV    lmax2= 23    sigr2=    487.1188 mb



 Angular Distributions

  Inclusive breakup angular distributions - (mb/sr/MeV)
      theta       dsig-brkup1      dsig-bf1       dsig-tot1      dsig-brkup2      dsig-bf2       dsig-tot2
     30.0000       0.4068E-03     0.2051E-03     0.6119E-03       0.4928E-03     0.4337E-02     0.4830E-02
     55.0000       0.5220E-03     0.5032E-03     0.1025E-02       0.4426E-03     0.1826E-02     0.2269E-02
     85.0000       0.1413E-03     0.3627E-03     0.5039E-03       0.3100E-04     0.2433E-03     0.2743E-03

   E1=  21.87   E2=   6.66   dsig/dE=    0.0024    0.0037    0.0114 (mb/MeV)

+-+-+-+-+-+-+-+-+-+-+-+-+-+-+-+-+-+-+-+-+-+-+-+-+-+-+-+-+-+-+-+-+-+-+-+-+-+-+-+-+-+-+-+-+-+-+-+-+-+-+-+-+-+-+-+-+


   At Ed =   30.000 MeV     E1 =  22.8208 MeV

   Wavefunctions and overlaps calculated using:
   npt1=    160      dr =  0.100 fm      rmax1=    16.00 fm
   npt2=   1134      dr =  0.100 fm      rmax2=   113.40 fm
   npt3=   1038      dr =  0.100 fm      rmax3=   103.80 fm

   Ed=     30.0000 MeV    lmaxd= 47    sigrd=    954.1367 mb
   E1=     22.8208 MeV    lmax1= 43    sigr1=   1324.4913 mb
   E2=      5.7052 MeV    lmax2= 22    sigr2=    247.9799 mb



 Angular Distributions

  Inclusive breakup angular distributions - (mb/sr/MeV)
      theta       dsig-brkup1      dsig-bf1       dsig-tot1      dsig-brkup2      dsig-bf2       dsig-tot2
     30.0000       0.1085E-03     0.4423E-04     0.1527E-03       0.2342E-03     0.3805E-02     0.4039E-02
     55.0000       0.1989E-03     0.1885E-03     0.3875E-03       0.1691E-03     0.1586E-02     0.1755E-02
     85.0000       0.8114E-04     0.1876E-03     0.2687E-03       0.1152E-04     0.2185E-03     0.2300E-03

   E1=  22.82   E2=   5.71   dsig/dE=    0.0010    0.0017    0.0100 (mb/MeV)

+-+-+-+-+-+-+-+-+-+-+-+-+-+-+-+-+-+-+-+-+-+-+-+-+-+-+-+-+-+-+-+-+-+-+-+-+-+-+-+-+-+-+-+-+-+-+-+-+-+-+-+-+-+-+-+-+


   At Ed =   30.000 MeV     E1 =  23.7717 MeV

   Wavefunctions and overlaps calculated using:
   npt1=    160      dr =  0.100 fm      rmax1=    16.00 fm
   npt2=   1248      dr =  0.100 fm      rmax2=   124.80 fm
   npt3=    868      dr =  0.100 fm      rmax3=    86.80 fm

   Ed=     30.0000 MeV    lmaxd= 47    sigrd=    954.1367 mb
   E1=     23.7717 MeV    lmax1= 43    sigr1=   1367.9438 mb
   E2=      4.7543 MeV    lmax2= 20    sigr2=     73.3799 mb



 Angular Distributions

  Inclusive breakup angular distributions - (mb/sr/MeV)
      theta       dsig-brkup1      dsig-bf1       dsig-tot1      dsig-brkup2      dsig-bf2       dsig-tot2
     30.0000       0.1391E-04     0.4952E-05     0.1887E-04       0.6970E-04     0.3194E-02     0.3263E-02
     55.0000       0.4005E-04     0.3719E-04     0.7724E-04       0.3690E-04     0.1317E-02     0.1354E-02
     85.0000       0.2637E-04     0.5450E-04     0.8088E-04       0.2362E-05     0.1902E-03     0.1925E-03

   E1=  23.77   E2=   4.75   dsig/dE=    0.0002    0.0005    0.0084 (mb/MeV)

+-+-+-+-+-+-+-+-+-+-+-+-+-+-+-+-+-+-+-+-+-+-+-+-+-+-+-+-+-+-+-+-+-+-+-+-+-+-+-+-+-+-+-+-+-+-+-+-+-+-+-+-+-+-+-+-+


   At Ed =   30.000 MeV     E1 =  24.7225 MeV

   Wavefunctions and overlaps calculated using:
   npt1=    160      dr =  0.100 fm      rmax1=    16.00 fm
   npt2=   1406      dr =  0.100 fm      rmax2=   140.60 fm
   npt3=    707      dr =  0.100 fm      rmax3=    70.70 fm

   Ed=     30.0000 MeV    lmaxd= 47    sigrd=    954.1367 mb
   E1=     24.7225 MeV    lmax1= 44    sigr1=   1407.7278 mb
   E2=      3.8035 MeV    lmax2= 19    sigr2=      9.1693 mb



 Angular Distributions

  Inclusive breakup angular distributions - (mb/sr/MeV)
      theta       dsig-brkup1      dsig-bf1       dsig-tot1      dsig-brkup2      dsig-bf2       dsig-tot2
     30.0000       0.7082E-06     0.2521E-06     0.9603E-06       0.8902E-05     0.2554E-02     0.2563E-02
     55.0000       0.3145E-05     0.2959E-05     0.6103E-05       0.3391E-05     0.1051E-02     0.1054E-02
     85.0000       0.3400E-05     0.6446E-05     0.9846E-05       0.1938E-06     0.1614E-03     0.1616E-03

   E1=  24.72   E2=   3.80   dsig/dE=    0.0000    0.0001    0.0067 (mb/MeV)

+-+-+-+-+-+-+-+-+-+-+-+-+-+-+-+-+-+-+-+-+-+-+-+-+-+-+-+-+-+-+-+-+-+-+-+-+-+-+-+-+-+-+-+-+-+-+-+-+-+-+-+-+-+-+-+-+


   At Ed =   30.000 MeV     E1 =  25.6734 MeV

   Wavefunctions and overlaps calculated using:
   npt1=    160      dr =  0.100 fm      rmax1=    16.00 fm
   npt2=   1640      dr =  0.100 fm      rmax2=   164.00 fm
   npt3=    563      dr =  0.100 fm      rmax3=    56.30 fm

   Ed=     30.0000 MeV    lmaxd= 47    sigrd=    954.1367 mb
   E1=     25.6734 MeV    lmax1= 45    sigr1=   1443.7693 mb
   E2=      2.8526 MeV    lmax2= 16    sigr2=      0.2909 mb



 Angular Distributions

  Inclusive breakup angular distributions - (mb/sr/MeV)
      theta       dsig-brkup1      dsig-bf1       dsig-tot1      dsig-brkup2      dsig-bf2       dsig-tot2
     30.0000       0.8755E-08     0.3449E-08     0.1220E-07       0.2681E-06     0.2008E-02     0.2008E-02
     55.0000       0.5516E-07     0.5515E-07     0.1103E-06       0.7417E-07     0.8306E-03     0.8307E-03
     85.0000       0.9820E-07     0.1782E-06     0.2765E-06       0.3568E-08     0.1288E-03     0.1288E-03

   E1=  25.67   E2=   2.85   dsig/dE=    0.0000    0.0000    0.0053 (mb/MeV)

+-+-+-+-+-+-+-+-+-+-+-+-+-+-+-+-+-+-+-+-+-+-+-+-+-+-+-+-+-+-+-+-+-+-+-+-+-+-+-+-+-+-+-+-+-+-+-+-+-+-+-+-+-+-+-+-+


   At Ed =   30.000 MeV     E1 =  26.6243 MeV

   Wavefunctions and overlaps calculated using:
   npt1=    160      dr =  0.100 fm      rmax1=    16.00 fm
   npt2=   2046      dr =  0.100 fm      rmax2=   204.60 fm
   npt3=    437      dr =  0.100 fm      rmax3=    43.70 fm

   Ed=     30.0000 MeV    lmaxd= 47    sigrd=    954.1367 mb
   E1=     26.6243 MeV    lmax1= 46    sigr1=   1476.7667 mb
   E2=      1.9017 MeV    lmax2= 12    sigr2=      0.0005 mb



 Angular Distributions

  Inclusive breakup angular distributions - (mb/sr/MeV)
      theta       dsig-brkup1      dsig-bf1       dsig-tot1      dsig-brkup2      dsig-bf2       dsig-tot2
     30.0000       0.2035E-10     0.4203E-11     0.2456E-10       0.4076E-09     0.1582E-02     0.1582E-02
     55.0000       0.6253E-10     0.5239E-10     0.1149E-09       0.8242E-10     0.6427E-03     0.6427E-03
     85.0000       0.1461E-09     0.2437E-09     0.3898E-09       0.3391E-11     0.9319E-04     0.9319E-04

   E1=  26.62   E2=   1.90   dsig/dE=    0.0000    0.0000    0.0041 (mb/MeV)

+-+-+-+-+-+-+-+-+-+-+-+-+-+-+-+-+-+-+-+-+-+-+-+-+-+-+-+-+-+-+-+-+-+-+-+-+-+-+-+-+-+-+-+-+-+-+-+-+-+-+-+-+-+-+-+-+


   At Ed =   30.000 MeV     E1 =  27.5751 MeV

   Wavefunctions and overlaps calculated using:
   npt1=    160      dr =  0.100 fm      rmax1=    16.00 fm
   npt2=   3010      dr =  0.100 fm      rmax2=   301.00 fm
   npt3=    324      dr =  0.100 fm      rmax3=    32.40 fm

   Ed=     30.0000 MeV    lmaxd= 47    sigrd=    954.1367 mb
   E1=     27.5751 MeV    lmax1= 46    sigr1=   1507.4052 mb
   E2=      0.9509 MeV    lmax2=  9    sigr2=      0.0000 mb



 Angular Distributions

  Inclusive breakup angular distributions - (mb/sr/MeV)
      theta       dsig-brkup1      dsig-bf1       dsig-tot1      dsig-brkup2      dsig-bf2       dsig-tot2
     30.0000       0.4650E-10     0.4474E-12     0.4694E-10       0.2238E-10     0.1244E-02     0.1244E-02
     55.0000       0.7004E-10     0.1458E-11     0.7150E-10       0.2766E-11     0.4769E-03     0.4769E-03
     85.0000       0.1820E-09     0.1276E-10     0.1948E-09       0.2596E-11     0.6342E-04     0.6342E-04

   E1=  27.58   E2=   0.95   dsig/dE=    0.0000    0.0000    0.0031 (mb/MeV)

+-+-+-+-+-+-+-+-+-+-+-+-+-+-+-+-+-+-+-+-+-+-+-+-+-+-+-+-+-+-+-+-+-+-+-+-+-+-+-+-+-+-+-+-+-+-+-+-+-+-+-+-+-+-+-+-+



 Energy Integrated Angular Distributions


  Inclusive breakup angular distributions - (mb/sr)
      theta       dsig-brkup1      dsig-bf1       dsig-tot1      dsig-brkup2      dsig-bf2       dsig-tot2
     30.0000       0.8738E-02     0.1532E-01     0.2406E-01       0.7270E-02     0.3898E-01     0.4625E-01
     55.0000       0.7273E-02     0.1328E-01     0.2055E-01       0.7884E-02     0.2170E-01     0.2959E-01
     85.0000       0.1149E-02     0.5881E-02     0.7031E-02       0.8652E-03     0.3606E-02     0.4471E-02


 Energy Integrated Angular Momentum Distributions - (mb)


        sigbu(ld)   sigbu(l1)   sigbu(l2)   sigf1(ld)   sigf1(l1)   sigf1(l2)   sigf2(ld)   sigf2(l1)   sigf2(l2)
    0    0.000001    0.000001    0.000103    0.000051    0.000219    0.000626    0.000014    0.000105    0.001092
    1    0.000002    0.000020    0.000534    0.000154    0.000674    0.002119    0.000042    0.000292    0.003911
    2    0.000004    0.000020    0.001623    0.000266    0.001285    0.003506    0.000073    0.000598    0.007320
    3    0.000005    0.000155    0.002885    0.000386    0.002021    0.006243    0.000105    0.000821    0.011758
    4    0.000011    0.000220    0.005457    0.000528    0.003018    0.007662    0.000145    0.001474    0.016431
    5    0.000012    0.000816    0.006406    0.000686    0.004321    0.011204    0.000190    0.001816    0.017709
    6    0.000027    0.001426    0.007013    0.000891    0.005600    0.011638    0.000256    0.003249    0.017930
    7    0.000037    0.002470    0.005741    0.001133    0.007435    0.012158    0.000342    0.004148    0.013951
    8    0.000086    0.004317    0.003573    0.001475    0.008762    0.010657    0.000489    0.006578    0.010216
    9    0.000158    0.004846    0.001855    0.001919    0.009878    0.008170    0.000723    0.009082    0.006814
   10    0.000364    0.006189    0.000823    0.002617    0.010182    0.005716    0.001183    0.011647    0.004368
   11    0.000779    0.005298    0.000363    0.003660    0.008954    0.003472    0.002062    0.014678    0.002936
   12    0.001667    0.004093    0.000197    0.005385    0.007479    0.001858    0.003843    0.015179    0.002041
   13    0.003188    0.002523    0.000152    0.007849    0.005222    0.000881    0.007056    0.014818    0.001443
   14    0.005027    0.001495    0.000142    0.010585    0.003570    0.000383    0.011640    0.012261    0.001072
   15    0.006174    0.000929    0.000137    0.012051    0.002370    0.000158    0.015809    0.009112    0.000816
   16    0.005854    0.000621    0.000128    0.011272    0.001630    0.000063    0.017277    0.006076    0.000634
   17    0.004545    0.000437    0.000117    0.008902    0.001141    0.000025    0.015809    0.003867    0.000469
   18    0.003082    0.000319    0.000103    0.006230    0.000815    0.000010    0.012800    0.002434    0.000372
   19    0.001932    0.000241    0.000090    0.004048    0.000580    0.000004    0.009630    0.001530    0.000297
   20    0.001168    0.000188    0.000077    0.002528    0.000421    0.000002    0.006957    0.000963    0.000228
   21    0.000706    0.000151    0.000066    0.001549    0.000306    0.000001    0.004919    0.000607    0.000165
   22    0.000442    0.000125    0.000056    0.000942    0.000211    0.000000    0.003438    0.000383    0.000131
   23    0.000296    0.000106    0.000047    0.000570    0.000151    0.000000    0.002386    0.000241    0.000097
   24    0.000215    0.000092    0.000040    0.000345    0.000107    0.000000    0.001647    0.000152    0.000065
   25    0.000170    0.000081    0.000034    0.000209    0.000072    0.000000    0.001132    0.000096    0.000045
   26    0.000144    0.000072    0.000029    0.000127    0.000050    0.000000    0.000775    0.000061    0.000027
   27    0.000127    0.000065    0.000024    0.000077    0.000031    0.000000    0.000529    0.000039    0.000018
   28    0.000116    0.000059    0.000020    0.000047    0.000020    0.000000    0.000360    0.000025    0.000009
   29    0.000107    0.000054    0.000017    0.000029    0.000013    0.000000    0.000244    0.000016    0.000006
   30    0.000099    0.000049    0.000015    0.000017    0.000008    0.000000    0.000165    0.000010    0.000003
   31    0.000093    0.000045    0.000012    0.000010    0.000005    0.000000    0.000112    0.000007    0.000001
   32    0.000087    0.000041    0.000010    0.000006    0.000003    0.000000    0.000075    0.000004    0.000001
   33    0.000082    0.000037    0.000009    0.000004    0.000002    0.000000    0.000050    0.000003    0.000000
   34    0.000076    0.000034    0.000007    0.000002    0.000001    0.000000    0.000034    0.000002    0.000000
   35    0.000072    0.000030    0.000006    0.000001    0.000001    0.000000    0.000022    0.000001    0.000000
   36    0.000067    0.000028    0.000005    0.000001    0.000000    0.000000    0.000015    0.000001    0.000000
   37    0.000063    0.000025    0.000004    0.000000    0.000000    0.000000    0.000010    0.000001    0.000000
   38    0.000059    0.000023    0.000004    0.000000    0.000000    0.000000    0.000007    0.000000    0.000000
   39    0.000055    0.000021    0.000003    0.000000    0.000000    0.000000    0.000004    0.000000    0.000000
   40    0.000051    0.000019    0.000002    0.000000    0.000000    0.000000    0.000003    0.000000    0.000000
   41    0.000048    0.000017    0.000002    0.000000    0.000000    0.000000    0.000002    0.000000    0.000000
   42    0.000045    0.000015    0.000001    0.000000    0.000000    0.000000    0.000001    0.000000    0.000000
   43    0.000042    0.000014    0.000001    0.000000    0.000000    0.000000    0.000001    0.000000    0.000000
   44    0.000039    0.000012    0.000001    0.000000    0.000000    0.000000    0.000001    0.000000    0.000000
   45    0.000036    0.000011    0.000001    0.000000    0.000000    0.000000    0.000000    0.000000    0.000000
   46    0.000034    0.000010    0.000000    0.000000    0.000000    0.000000    0.000000    0.000000    0.000000
   47    0.000031    0.000009    0.000000    0.000000    0.000000    0.000000    0.000000    0.000000    0.000000
   48    0.000029    0.000008    0.000000    0.000000    0.000000    0.000000    0.000000    0.000000    0.000000
   49    0.000027    0.000008    0.000000    0.000000    0.000000    0.000000    0.000000    0.000000    0.000000
   50    0.000025    0.000007    0.000000    0.000000    0.000000    0.000000    0.000000    0.000000    0.000000
   51    0.000023    0.000006    0.000000    0.000000    0.000000    0.000000    0.000000    0.000000    0.000000
   52    0.000022    0.000006    0.000000    0.000000    0.000000    0.000000    0.000000    0.000000    0.000000
   53    0.000020    0.000005    0.000000    0.000000    0.000000    0.000000    0.000000    0.000000    0.000000
   54    0.000019    0.000004    0.000000    0.000000    0.000000    0.000000    0.000000    0.000000    0.000000
   55    0.000018    0.000004    0.000000    0.000000    0.000000    0.000000    0.000000    0.000000    0.000000
   56    0.000016    0.000003    0.000000    0.000000    0.000000    0.000000    0.000000    0.000000    0.000000
   57    0.000015    0.000003    0.000000    0.000000    0.000000    0.000000    0.000000    0.000000    0.000000
   58    0.000014    0.000003    0.000000    0.000000    0.000000    0.000000    0.000000    0.000000    0.000000
   59    0.000013    0.000002    0.000000    0.000000    0.000000    0.000000    0.000000    0.000000    0.000000
   60    0.000012    0.000002    0.000000    0.000000    0.000000    0.000000    0.000000    0.000000    0.000000
   61    0.000012    0.000002    0.000000    0.000000    0.000000    0.000000    0.000000    0.000000    0.000000
   62    0.000011    0.000002    0.000000    0.000000    0.000000    0.000000    0.000000    0.000000    0.000000
   63    0.000010    0.000001    0.000000    0.000000    0.000000    0.000000    0.000000    0.000000    0.000000
   64    0.000009    0.000001    0.000000    0.000000    0.000000    0.000000    0.000000    0.000000    0.000000
   65    0.000009    0.000000    0.000000    0.000000    0.000000    0.000000    0.000000    0.000000    0.000000
   66    0.000008    0.000000    0.000000    0.000000    0.000000    0.000000    0.000000    0.000000    0.000000
   67    0.000008    0.000000    0.000000    0.000000    0.000000    0.000000    0.000000    0.000000    0.000000
   68    0.000007    0.000000    0.000000    0.000000    0.000000    0.000000    0.000000    0.000000    0.000000
   69    0.000007    0.000000    0.000000    0.000000    0.000000    0.000000    0.000000    0.000000    0.000000
   70    0.000006    0.000000    0.000000    0.000000    0.000000    0.000000    0.000000    0.000000    0.000000
   71    0.000006    0.000000    0.000000    0.000000    0.000000    0.000000    0.000000    0.000000    0.000000
   72    0.000006    0.000000    0.000000    0.000000    0.000000    0.000000    0.000000    0.000000    0.000000
   73    0.000005    0.000000    0.000000    0.000000    0.000000    0.000000    0.000000    0.000000    0.000000
   74    0.000005    0.000000    0.000000    0.000000    0.000000    0.000000    0.000000    0.000000    0.000000
   75    0.000005    0.000000    0.000000    0.000000    0.000000    0.000000    0.000000    0.000000    0.000000
   76    0.000004    0.000000    0.000000    0.000000    0.000000    0.000000    0.000000    0.000000    0.000000
   77    0.000004    0.000000    0.000000    0.000000    0.000000    0.000000    0.000000    0.000000    0.000000
   78    0.000004    0.000000    0.000000    0.000000    0.000000    0.000000    0.000000    0.000000    0.000000
   79    0.000003    0.000000    0.000000    0.000000    0.000000    0.000000    0.000000    0.000000    0.000000
   80    0.000003    0.000000    0.000000    0.000000    0.000000    0.000000    0.000000    0.000000    0.000000
   81    0.000003    0.000000    0.000000    0.000000    0.000000    0.000000    0.000000    0.000000    0.000000
   82    0.000003    0.000000    0.000000    0.000000    0.000000    0.000000    0.000000    0.000000    0.000000
   83    0.000002    0.000000    0.000000    0.000000    0.000000    0.000000    0.000000    0.000000    0.000000
   84    0.000002    0.000000    0.000000    0.000000    0.000000    0.000000    0.000000    0.000000    0.000000
   85    0.000002    0.000000    0.000000    0.000000    0.000000    0.000000    0.000000    0.000000    0.000000
   86    0.000002    0.000000    0.000000    0.000000    0.000000    0.000000    0.000000    0.000000    0.000000
   87    0.000002    0.000000    0.000000    0.000000    0.000000    0.000000    0.000000    0.000000    0.000000
   88    0.000002    0.000000    0.000000    0.000000    0.000000    0.000000    0.000000    0.000000    0.000000
   89    0.000001    0.000000    0.000000    0.000000    0.000000    0.000000    0.000000    0.000000    0.000000
   90    0.000001    0.000000    0.000000    0.000000    0.000000    0.000000    0.000000    0.000000    0.000000
   91    0.000001    0.000000    0.000000    0.000000    0.000000    0.000000    0.000000    0.000000    0.000000
   92    0.000001    0.000000    0.000000    0.000000    0.000000    0.000000    0.000000    0.000000    0.000000
   93    0.000001    0.000000    0.000000    0.000000    0.000000    0.000000    0.000000    0.000000    0.000000
   94    0.000001    0.000000    0.000000    0.000000    0.000000    0.000000    0.000000    0.000000    0.000000
   95    0.000001    0.000000    0.000000    0.000000    0.000000    0.000000    0.000000    0.000000    0.000000
   96    0.000001    0.000000    0.000000    0.000000    0.000000    0.000000    0.000000    0.000000    0.000000
   97    0.000001    0.000000    0.000000    0.000000    0.000000    0.000000    0.000000    0.000000    0.000000
   98    0.000001    0.000000    0.000000    0.000000    0.000000    0.000000    0.000000    0.000000    0.000000


 Spectra - (mb/MeV)


     Ex1(MeV)     dsig-brkup       dsig-bf1       dsig-bf2
       0.951         0.0000         0.0004         0.0000
       1.902         0.0000         0.0005         0.0000
       2.853         0.0000         0.0005         0.0000
       3.803         0.0000         0.0006         0.0000
       4.754         0.0000         0.0009         0.0000
       5.705         0.0000         0.0012         0.0000
       6.656         0.0000         0.0015         0.0000
       7.607         0.0000         0.0018         0.0000
       8.558         0.0000         0.0021         0.0000
       9.509         0.0000         0.0025         0.0000
      10.460         0.0000         0.0030         0.0002
      11.410         0.0001         0.0036         0.0006
      12.361         0.0003         0.0043         0.0012
      13.312         0.0007         0.0050         0.0021
      14.263         0.0013         0.0057         0.0034
      15.214         0.0023         0.0064         0.0051
      16.165         0.0036         0.0072         0.0073
      17.116         0.0050         0.0079         0.0095
      18.066         0.0062         0.0084         0.0115
      19.017         0.0065         0.0083         0.0127
      19.968         0.0058         0.0074         0.0130
      20.919         0.0043         0.0058         0.0125
      21.870         0.0024         0.0037         0.0114
      22.821         0.0010         0.0017         0.0100
      23.772         0.0002         0.0005         0.0084
      24.723         0.0000         0.0001         0.0067
      25.673         0.0000         0.0000         0.0053
      26.624         0.0000         0.0000         0.0041
      27.575         0.0000         0.0000         0.0031

 Ed=     30.0000 MeV  sigbkp=    0.0379    0.0867    0.1234 mb

  Elapsed time =   12604.09 seconds
      CPU time =   12604.09 seconds


=-=-=-=-=-=-=-=-=-=-=-=-=-=-=-=-=-=-=-=-=-=-=-=-=-=-=-=-=-=-=-=-=-=-=-=-=-=-=-=-=-=-=-=-=-=-=-=-=-=-=-=-=-=-=-=-=

