# 2021-07-05 11:31:30.151491 
#projectile mass = 6.0     target mass = 209.0 
#E LAB [MeV] ANG(LAB) SIGEB(LAB)  SIGNEB(LAB)  SIGINC(LAB)
3.6005e+01 1.0000e-04 8.8004e-01 1.0800e+00 1.9607e+00
3.6005e+01 4.8606e+00 5.6456e-01 1.1723e+00 1.7373e+00
3.6005e+01 9.7222e+00 6.4648e-01 1.1906e+00 1.8377e+00
3.6005e+01 1.4586e+01 1.6764e+00 1.2781e+00 2.9556e+00
3.6005e+01 1.9452e+01 4.7098e+00 1.4915e+00 6.2013e+00
3.6005e+01 2.4323e+01 8.7141e+00 1.9700e+00 1.0687e+01
3.6005e+01 2.9198e+01 1.1799e+01 3.3022e+00 1.5098e+01
3.6005e+01 3.4078e+01 1.2607e+01 6.7753e+00 1.9377e+01
3.6005e+01 3.8966e+01 1.2174e+01 1.5236e+01 2.7410e+01
3.6005e+01 4.3860e+01 1.2406e+01 3.1384e+01 4.3790e+01
3.6005e+01 4.8763e+01 1.4127e+01 6.1199e+01 7.5326e+01
3.6005e+01 5.3675e+01 1.4601e+01 1.0888e+02 1.2357e+02
3.6005e+01 5.8596e+01 1.5056e+01 1.7363e+02 1.8867e+02
3.6005e+01 6.3527e+01 1.7791e+01 2.4867e+02 2.6641e+02
3.6005e+01 6.8470e+01 2.3918e+01 3.2156e+02 3.4555e+02
3.6005e+01 7.3423e+01 3.3551e+01 3.8123e+02 4.1476e+02
3.6005e+01 7.8389e+01 4.4321e+01 4.2136e+02 4.6576e+02
3.6005e+01 8.3366e+01 5.3522e+01 4.3993e+02 4.9346e+02
3.6005e+01 9.0000e+01 5.9780e+01 4.3800e+02 4.9780e+02
3.6005e+01 9.3358e+01 6.3061e+01 4.2180e+02 4.8486e+02
3.6005e+01 9.8372e+01 6.3341e+01 3.9492e+02 4.5826e+02
3.6005e+01 1.0340e+02 6.1311e+01 3.6258e+02 4.2393e+02
3.6005e+01 1.0844e+02 5.7754e+01 3.2833e+02 3.8614e+02
3.6005e+01 1.1349e+02 5.3368e+01 2.9483e+02 3.4817e+02
3.6005e+01 1.1856e+02 4.8621e+01 2.6362e+02 3.1225e+02
3.6005e+01 1.2363e+02 4.3887e+01 2.3556e+02 2.7941e+02
3.6005e+01 1.2872e+02 3.9396e+01 2.1096e+02 2.5039e+02
3.6005e+01 1.3381e+02 3.5315e+01 1.8988e+02 2.2512e+02
3.6005e+01 1.3892e+02 3.1706e+01 1.7207e+02 2.0375e+02
3.6005e+01 1.4403e+02 2.8599e+01 1.5721e+02 1.8582e+02
3.6005e+01 1.4916e+02 2.5996e+01 1.4506e+02 1.7103e+02
3.6005e+01 1.5942e+02 2.2167e+01 1.2774e+02 1.4990e+02
3.6005e+01 1.6971e+02 2.0000e+01 1.1804e+02 1.3806e+02
3.6005e+01 1.8000e+02 2.1075e+01 1.2550e+02 1.4661e+02
